<component name="libraryTable">
  <library name="junit-jupiter-api-6.0.0-RC3">
    <CLASSES />
    <JAVADOC />
    <SOURCES />
  </library>
</component>